2020-11-16 16:22:49,019  INFO [main] Login_till_ProdSelectionPage:88 - UserID is enterrerd
2020-11-16 16:22:49,090  INFO [main] Login_till_ProdSelectionPage:94 - Pwd is enterrerd
2020-11-16 16:22:51,483  INFO [main] Login_till_ProdSelectionPage:96 - LoginButton is clicked
2020-11-16 16:23:43,744  INFO [main] Login_till_ProdSelectionPage:121 - Launch button is clicked
2020-11-16 16:24:01,011  INFO [main] Login_till_ProdSelectionPage:159 - RECPROD button is clicked
2020-11-16 16:24:11,026  INFO [main] Login_till_ProdSelectionPage:49 - Folder Path initialized
2020-11-16 16:24:11,026  INFO [main] Login_till_ProdSelectionPage:801 - GET IP File method call init
2020-11-16 16:24:11,026  INFO [main] Login_till_ProdSelectionPage:803 - C:\Users\NagarajaK\eclipse-workspace\Git_Buckt1\MyFramework_1\TestData\Input
2020-11-16 16:24:11,027  INFO [main] Login_till_ProdSelectionPage:810 - 00380P, NAGA RAVI KUMAR TUNUGUNTLA.xlsx
2020-11-16 16:24:11,027  INFO [main] Login_till_ProdSelectionPage:810 - 0054B8, Akancha Verma.xlsx
2020-11-16 16:24:11,027  INFO [main] Login_till_ProdSelectionPage:810 - 017782, SOURABH GHATAK.xlsx
2020-11-16 16:24:11,027  INFO [main] Login_till_ProdSelectionPage:810 - 018388, Gireesh K Gurupura.xlsx
2020-11-16 16:24:11,027  INFO [main] Login_till_ProdSelectionPage:810 - 01871G, Nikhil Kumar.xlsx
2020-11-16 16:24:11,027  INFO [main] Login_till_ProdSelectionPage:810 - 02391F, Mallikarjun Motagi.xlsx
2020-11-16 16:24:11,028  INFO [main] Login_till_ProdSelectionPage:810 - 02427A, Kunal Surpurkar.xlsx
2020-11-16 16:24:11,028  INFO [main] Login_till_ProdSelectionPage:810 - 041645, Rathish P Nair.xlsx
2020-11-16 16:24:11,029  INFO [main] Login_till_ProdSelectionPage:810 - 04829F, Niranjan Chanduri.xlsx
2020-11-16 16:24:11,029  INFO [main] Login_till_ProdSelectionPage:810 - 05150F, Amit Rasal.xlsx
2020-11-16 16:24:11,029  INFO [main] Login_till_ProdSelectionPage:810 - 05722Q, Saurabh Gupta.xlsx
2020-11-16 16:24:11,029  INFO [main] Login_till_ProdSelectionPage:810 - 05902E, Vikas Jadon.xlsx
2020-11-16 16:24:11,029  INFO [main] Login_till_ProdSelectionPage:810 - 059974, Pradeep Kanmatareddy.xlsx
2020-11-16 16:24:11,029  INFO [main] Login_till_ProdSelectionPage:810 - 06202C, Anil Kumar Hampali.xlsx
2020-11-16 16:24:11,030  INFO [main] Login_till_ProdSelectionPage:810 - 06542J, Poornima Budda.xlsx
2020-11-16 16:24:11,030  INFO [main] Login_till_ProdSelectionPage:810 - 067972, Pramod Seethannavar.xlsx
2020-11-16 16:24:11,030  INFO [main] Login_till_ProdSelectionPage:810 - 068503, Srinivasa Rao Polapala.xlsx
2020-11-16 16:24:11,030  INFO [main] Login_till_ProdSelectionPage:810 - 072480, Ambarish Mukherjee.xlsx
2020-11-16 16:24:11,030  INFO [main] Login_till_ProdSelectionPage:810 - 07333M, RAHUL DAS.xlsx
2020-11-16 16:24:11,030  INFO [main] Login_till_ProdSelectionPage:810 - 07666Q, Satendra Pare.xlsx
2020-11-16 16:24:11,031  INFO [main] Login_till_ProdSelectionPage:810 - 07867L, Nilesh Diwate.xlsx
2020-11-16 16:24:11,031  INFO [main] Login_till_ProdSelectionPage:810 - 079206, Sundar Rajan Aramudhan.xlsx
2020-11-16 16:24:11,031  INFO [main] Login_till_ProdSelectionPage:810 - 093329, Srinivasarao Pasam.xlsx
2020-11-16 16:24:11,031  INFO [main] Login_till_ProdSelectionPage:810 - 146433, Vinay M Sataluri.xlsx
2020-11-16 16:24:11,031  INFO [main] Login_till_ProdSelectionPage:810 - 222484, Suman Pothula.xlsx
2020-11-16 16:24:11,031  INFO [main] Login_till_ProdSelectionPage:810 - 340804, Swarnalata Patel.xlsx
2020-11-16 16:24:11,031  INFO [main] Login_till_ProdSelectionPage:810 - 537762, Parikshit Bagade.xlsx
2020-11-16 16:24:11,032  INFO [main] Login_till_ProdSelectionPage:810 - 640721, Anil k Nataru.xlsx
2020-11-16 16:24:11,032  INFO [main] Login_till_ProdSelectionPage:810 - 816898, Subbareddy Bheemireddy.xlsx
2020-11-16 16:24:11,032  INFO [main] Login_till_ProdSelectionPage:810 - 982368, Nanda K Reddy.xlsx
2020-11-16 16:24:11,032  INFO [main] Login_till_ProdSelectionPage:693 - Weed out method init 
2020-11-16 16:24:11,032  INFO [main] Login_till_ProdSelectionPage:503 - C:\Users\NagarajaK\eclipse-workspace\Git_Buckt1\MyFramework_1\TestData\TD\TD.xlsx
2020-11-16 16:24:11,034  INFO [main] Login_till_ProdSelectionPage:543 - 11/16/2020 16:24:11
2020-11-16 16:24:11,034  INFO [main] Login_till_ProdSelectionPage:801 - GET IP File method call init
2020-11-16 16:24:11,034  INFO [main] Login_till_ProdSelectionPage:803 - C:\Users\NagarajaK\eclipse-workspace\Git_Buckt1\MyFramework_1\TestData\Input
2020-11-16 16:24:11,035  INFO [main] Login_till_ProdSelectionPage:810 - 00380P, NAGA RAVI KUMAR TUNUGUNTLA.xlsx
2020-11-16 16:24:11,035  INFO [main] Login_till_ProdSelectionPage:810 - 0054B8, Akancha Verma.xlsx
2020-11-16 16:24:11,035  INFO [main] Login_till_ProdSelectionPage:810 - 017782, SOURABH GHATAK.xlsx
2020-11-16 16:24:11,035  INFO [main] Login_till_ProdSelectionPage:810 - 018388, Gireesh K Gurupura.xlsx
2020-11-16 16:24:11,035  INFO [main] Login_till_ProdSelectionPage:810 - 01871G, Nikhil Kumar.xlsx
2020-11-16 16:24:11,035  INFO [main] Login_till_ProdSelectionPage:810 - 02391F, Mallikarjun Motagi.xlsx
2020-11-16 16:24:11,035  INFO [main] Login_till_ProdSelectionPage:810 - 02427A, Kunal Surpurkar.xlsx
2020-11-16 16:24:11,036  INFO [main] Login_till_ProdSelectionPage:810 - 041645, Rathish P Nair.xlsx
2020-11-16 16:24:11,036  INFO [main] Login_till_ProdSelectionPage:810 - 04829F, Niranjan Chanduri.xlsx
2020-11-16 16:24:11,036  INFO [main] Login_till_ProdSelectionPage:810 - 05150F, Amit Rasal.xlsx
2020-11-16 16:24:11,036  INFO [main] Login_till_ProdSelectionPage:810 - 05722Q, Saurabh Gupta.xlsx
2020-11-16 16:24:11,036  INFO [main] Login_till_ProdSelectionPage:810 - 05902E, Vikas Jadon.xlsx
2020-11-16 16:24:11,036  INFO [main] Login_till_ProdSelectionPage:810 - 059974, Pradeep Kanmatareddy.xlsx
2020-11-16 16:24:11,036  INFO [main] Login_till_ProdSelectionPage:810 - 06202C, Anil Kumar Hampali.xlsx
2020-11-16 16:24:11,036  INFO [main] Login_till_ProdSelectionPage:810 - 06542J, Poornima Budda.xlsx
2020-11-16 16:24:11,036  INFO [main] Login_till_ProdSelectionPage:810 - 067972, Pramod Seethannavar.xlsx
2020-11-16 16:24:11,037  INFO [main] Login_till_ProdSelectionPage:810 - 068503, Srinivasa Rao Polapala.xlsx
2020-11-16 16:24:11,037  INFO [main] Login_till_ProdSelectionPage:810 - 072480, Ambarish Mukherjee.xlsx
2020-11-16 16:24:11,037  INFO [main] Login_till_ProdSelectionPage:810 - 07333M, RAHUL DAS.xlsx
2020-11-16 16:24:11,037  INFO [main] Login_till_ProdSelectionPage:810 - 07666Q, Satendra Pare.xlsx
2020-11-16 16:24:11,037  INFO [main] Login_till_ProdSelectionPage:810 - 07867L, Nilesh Diwate.xlsx
2020-11-16 16:24:11,037  INFO [main] Login_till_ProdSelectionPage:810 - 079206, Sundar Rajan Aramudhan.xlsx
2020-11-16 16:24:11,037  INFO [main] Login_till_ProdSelectionPage:810 - 093329, Srinivasarao Pasam.xlsx
2020-11-16 16:24:11,037  INFO [main] Login_till_ProdSelectionPage:810 - 146433, Vinay M Sataluri.xlsx
2020-11-16 16:24:11,037  INFO [main] Login_till_ProdSelectionPage:810 - 222484, Suman Pothula.xlsx
2020-11-16 16:24:11,038  INFO [main] Login_till_ProdSelectionPage:810 - 340804, Swarnalata Patel.xlsx
2020-11-16 16:24:11,038  INFO [main] Login_till_ProdSelectionPage:810 - 537762, Parikshit Bagade.xlsx
2020-11-16 16:24:11,038  INFO [main] Login_till_ProdSelectionPage:810 - 640721, Anil k Nataru.xlsx
2020-11-16 16:24:11,038  INFO [main] Login_till_ProdSelectionPage:810 - 816898, Subbareddy Bheemireddy.xlsx
2020-11-16 16:24:11,038  INFO [main] Login_till_ProdSelectionPage:810 - 982368, Nanda K Reddy.xlsx
2020-11-16 16:24:11,833  INFO [main] Login_till_ProdSelectionPage:560 - ROW COUNT 112
2020-11-16 16:24:12,088  INFO [main] Login_till_ProdSelectionPage:291 - Sheet --> Data is inconsistent
2020-11-16 16:24:12,275  INFO [main] Login_till_ProdSelectionPage:671 - C:\Users\NagarajaK\eclipse-workspace\Git_Buckt1\MyFramework_1\TestData\Input
2020-11-16 16:24:12,276  INFO [main] Login_till_ProdSelectionPage:672 - File moved to error for data inconisstencyC:\Users\NagarajaK\eclipse-workspace\Git_Buckt1\MyFramework_1\TestData\Input\00380P, NAGA RAVI KUMAR TUNUGUNTLA.xlsx
2020-11-16 16:24:12,277  INFO [main] Login_till_ProdSelectionPage:674 - C:\Users\NagarajaK\eclipse-workspace\Git_Buckt1\MyFramework_1\TestData\Error\00380P, NAGA RAVI KUMAR TUNUGUNTLA.xlsx
2020-11-16 16:24:12,279  INFO [main] Login_till_ProdSelectionPage:729 - Exception while moving file: C:\Users\NagarajaK\eclipse-workspace\Git_Buckt1\MyFramework_1\TestData\Error\00380P, NAGA RAVI KUMAR TUNUGUNTLA.xlsx
2020-11-16 16:24:12,279  INFO [main] Login_till_ProdSelectionPage:734 - File movement failed.C:\Users\NagarajaK\eclipse-workspace\Git_Buckt1\MyFramework_1\TestData\Error\00380P, NAGA RAVI KUMAR TUNUGUNTLA.xlsx
2020-11-16 16:24:12,376  INFO [main] Login_till_ProdSelectionPage:560 - ROW COUNT 112
2020-11-16 16:24:12,489  INFO [main] Login_till_ProdSelectionPage:291 - Sheet --> Data is inconsistent
2020-11-16 16:24:12,565  INFO [main] Login_till_ProdSelectionPage:671 - C:\Users\NagarajaK\eclipse-workspace\Git_Buckt1\MyFramework_1\TestData\Input
2020-11-16 16:24:12,565  INFO [main] Login_till_ProdSelectionPage:672 - File moved to error for data inconisstencyC:\Users\NagarajaK\eclipse-workspace\Git_Buckt1\MyFramework_1\TestData\Input\0054B8, Akancha Verma.xlsx
2020-11-16 16:24:12,566  INFO [main] Login_till_ProdSelectionPage:674 - C:\Users\NagarajaK\eclipse-workspace\Git_Buckt1\MyFramework_1\TestData\Error\0054B8, Akancha Verma.xlsx
2020-11-16 16:24:12,566  INFO [main] Login_till_ProdSelectionPage:729 - Exception while moving file: C:\Users\NagarajaK\eclipse-workspace\Git_Buckt1\MyFramework_1\TestData\Error\0054B8, Akancha Verma.xlsx
2020-11-16 16:24:12,567  INFO [main] Login_till_ProdSelectionPage:734 - File movement failed.C:\Users\NagarajaK\eclipse-workspace\Git_Buckt1\MyFramework_1\TestData\Error\0054B8, Akancha Verma.xlsx
2020-11-16 16:24:12,659  INFO [main] Login_till_ProdSelectionPage:560 - ROW COUNT 112
2020-11-16 16:24:12,748  INFO [main] Login_till_ProdSelectionPage:291 - Sheet --> Data is inconsistent
2020-11-16 16:24:12,807  INFO [main] Login_till_ProdSelectionPage:671 - C:\Users\NagarajaK\eclipse-workspace\Git_Buckt1\MyFramework_1\TestData\Input
2020-11-16 16:24:12,807  INFO [main] Login_till_ProdSelectionPage:672 - File moved to error for data inconisstencyC:\Users\NagarajaK\eclipse-workspace\Git_Buckt1\MyFramework_1\TestData\Input\017782, SOURABH GHATAK.xlsx
2020-11-16 16:24:12,807  INFO [main] Login_till_ProdSelectionPage:674 - C:\Users\NagarajaK\eclipse-workspace\Git_Buckt1\MyFramework_1\TestData\Error\017782, SOURABH GHATAK.xlsx
2020-11-16 16:24:12,808  INFO [main] Login_till_ProdSelectionPage:729 - Exception while moving file: C:\Users\NagarajaK\eclipse-workspace\Git_Buckt1\MyFramework_1\TestData\Error\017782, SOURABH GHATAK.xlsx
2020-11-16 16:24:12,808  INFO [main] Login_till_ProdSelectionPage:734 - File movement failed.C:\Users\NagarajaK\eclipse-workspace\Git_Buckt1\MyFramework_1\TestData\Error\017782, SOURABH GHATAK.xlsx
2020-11-16 16:24:12,891  INFO [main] Login_till_ProdSelectionPage:560 - ROW COUNT 112
2020-11-16 16:24:12,980  INFO [main] Login_till_ProdSelectionPage:291 - Sheet --> Data is inconsistent
2020-11-16 16:24:13,026  INFO [main] Login_till_ProdSelectionPage:671 - C:\Users\NagarajaK\eclipse-workspace\Git_Buckt1\MyFramework_1\TestData\Input
2020-11-16 16:24:13,026  INFO [main] Login_till_ProdSelectionPage:672 - File moved to error for data inconisstencyC:\Users\NagarajaK\eclipse-workspace\Git_Buckt1\MyFramework_1\TestData\Input\018388, Gireesh K Gurupura.xlsx
2020-11-16 16:24:13,026  INFO [main] Login_till_ProdSelectionPage:674 - C:\Users\NagarajaK\eclipse-workspace\Git_Buckt1\MyFramework_1\TestData\Error\018388, Gireesh K Gurupura.xlsx
2020-11-16 16:24:13,026  INFO [main] Login_till_ProdSelectionPage:729 - Exception while moving file: C:\Users\NagarajaK\eclipse-workspace\Git_Buckt1\MyFramework_1\TestData\Error\018388, Gireesh K Gurupura.xlsx
2020-11-16 16:24:13,027  INFO [main] Login_till_ProdSelectionPage:734 - File movement failed.C:\Users\NagarajaK\eclipse-workspace\Git_Buckt1\MyFramework_1\TestData\Error\018388, Gireesh K Gurupura.xlsx
2020-11-16 16:24:13,105  INFO [main] Login_till_ProdSelectionPage:560 - ROW COUNT 112
2020-11-16 16:24:13,183  INFO [main] Login_till_ProdSelectionPage:291 - Sheet --> Data is inconsistent
2020-11-16 16:24:13,224  INFO [main] Login_till_ProdSelectionPage:671 - C:\Users\NagarajaK\eclipse-workspace\Git_Buckt1\MyFramework_1\TestData\Input
2020-11-16 16:24:13,224  INFO [main] Login_till_ProdSelectionPage:672 - File moved to error for data inconisstencyC:\Users\NagarajaK\eclipse-workspace\Git_Buckt1\MyFramework_1\TestData\Input\01871G, Nikhil Kumar.xlsx
2020-11-16 16:24:13,225  INFO [main] Login_till_ProdSelectionPage:674 - C:\Users\NagarajaK\eclipse-workspace\Git_Buckt1\MyFramework_1\TestData\Error\01871G, Nikhil Kumar.xlsx
2020-11-16 16:24:13,225  INFO [main] Login_till_ProdSelectionPage:729 - Exception while moving file: C:\Users\NagarajaK\eclipse-workspace\Git_Buckt1\MyFramework_1\TestData\Error\01871G, Nikhil Kumar.xlsx
2020-11-16 16:24:13,225  INFO [main] Login_till_ProdSelectionPage:734 - File movement failed.C:\Users\NagarajaK\eclipse-workspace\Git_Buckt1\MyFramework_1\TestData\Error\01871G, Nikhil Kumar.xlsx
2020-11-16 16:24:13,284  INFO [main] Login_till_ProdSelectionPage:560 - ROW COUNT 112
2020-11-16 16:24:13,378  INFO [main] Login_till_ProdSelectionPage:291 - Sheet --> Data is inconsistent
2020-11-16 16:24:13,422  INFO [main] Login_till_ProdSelectionPage:671 - C:\Users\NagarajaK\eclipse-workspace\Git_Buckt1\MyFramework_1\TestData\Input
2020-11-16 16:24:13,422  INFO [main] Login_till_ProdSelectionPage:672 - File moved to error for data inconisstencyC:\Users\NagarajaK\eclipse-workspace\Git_Buckt1\MyFramework_1\TestData\Input\02391F, Mallikarjun Motagi.xlsx
2020-11-16 16:24:13,422  INFO [main] Login_till_ProdSelectionPage:674 - C:\Users\NagarajaK\eclipse-workspace\Git_Buckt1\MyFramework_1\TestData\Error\02391F, Mallikarjun Motagi.xlsx
2020-11-16 16:24:13,423  INFO [main] Login_till_ProdSelectionPage:729 - Exception while moving file: C:\Users\NagarajaK\eclipse-workspace\Git_Buckt1\MyFramework_1\TestData\Error\02391F, Mallikarjun Motagi.xlsx
2020-11-16 16:24:13,423  INFO [main] Login_till_ProdSelectionPage:734 - File movement failed.C:\Users\NagarajaK\eclipse-workspace\Git_Buckt1\MyFramework_1\TestData\Error\02391F, Mallikarjun Motagi.xlsx
2020-11-16 16:24:13,476  INFO [main] Login_till_ProdSelectionPage:560 - ROW COUNT 112
2020-11-16 16:24:13,565  INFO [main] Login_till_ProdSelectionPage:291 - Sheet --> Data is inconsistent
2020-11-16 16:24:13,615  INFO [main] Login_till_ProdSelectionPage:671 - C:\Users\NagarajaK\eclipse-workspace\Git_Buckt1\MyFramework_1\TestData\Input
2020-11-16 16:24:13,615  INFO [main] Login_till_ProdSelectionPage:672 - File moved to error for data inconisstencyC:\Users\NagarajaK\eclipse-workspace\Git_Buckt1\MyFramework_1\TestData\Input\02427A, Kunal Surpurkar.xlsx
2020-11-16 16:24:13,616  INFO [main] Login_till_ProdSelectionPage:674 - C:\Users\NagarajaK\eclipse-workspace\Git_Buckt1\MyFramework_1\TestData\Error\02427A, Kunal Surpurkar.xlsx
2020-11-16 16:24:13,618  INFO [main] Login_till_ProdSelectionPage:729 - Exception while moving file: C:\Users\NagarajaK\eclipse-workspace\Git_Buckt1\MyFramework_1\TestData\Error\02427A, Kunal Surpurkar.xlsx
2020-11-16 16:24:13,619  INFO [main] Login_till_ProdSelectionPage:734 - File movement failed.C:\Users\NagarajaK\eclipse-workspace\Git_Buckt1\MyFramework_1\TestData\Error\02427A, Kunal Surpurkar.xlsx
2020-11-16 16:24:13,689  INFO [main] Login_till_ProdSelectionPage:560 - ROW COUNT 112
2020-11-16 16:24:13,783  INFO [main] Login_till_ProdSelectionPage:291 - Sheet --> Data is inconsistent
2020-11-16 16:24:13,833  INFO [main] Login_till_ProdSelectionPage:671 - C:\Users\NagarajaK\eclipse-workspace\Git_Buckt1\MyFramework_1\TestData\Input
2020-11-16 16:24:13,833  INFO [main] Login_till_ProdSelectionPage:672 - File moved to error for data inconisstencyC:\Users\NagarajaK\eclipse-workspace\Git_Buckt1\MyFramework_1\TestData\Input\041645, Rathish P Nair.xlsx
2020-11-16 16:24:13,833  INFO [main] Login_till_ProdSelectionPage:674 - C:\Users\NagarajaK\eclipse-workspace\Git_Buckt1\MyFramework_1\TestData\Error\041645, Rathish P Nair.xlsx
2020-11-16 16:24:13,834  INFO [main] Login_till_ProdSelectionPage:729 - Exception while moving file: C:\Users\NagarajaK\eclipse-workspace\Git_Buckt1\MyFramework_1\TestData\Error\041645, Rathish P Nair.xlsx
2020-11-16 16:24:13,834  INFO [main] Login_till_ProdSelectionPage:734 - File movement failed.C:\Users\NagarajaK\eclipse-workspace\Git_Buckt1\MyFramework_1\TestData\Error\041645, Rathish P Nair.xlsx
2020-11-16 16:24:13,898  INFO [main] Login_till_ProdSelectionPage:560 - ROW COUNT 112
2020-11-16 16:24:13,976  INFO [main] Login_till_ProdSelectionPage:291 - Sheet --> Data is inconsistent
2020-11-16 16:24:14,022  INFO [main] Login_till_ProdSelectionPage:671 - C:\Users\NagarajaK\eclipse-workspace\Git_Buckt1\MyFramework_1\TestData\Input
2020-11-16 16:24:14,023  INFO [main] Login_till_ProdSelectionPage:672 - File moved to error for data inconisstencyC:\Users\NagarajaK\eclipse-workspace\Git_Buckt1\MyFramework_1\TestData\Input\04829F, Niranjan Chanduri.xlsx
2020-11-16 16:24:14,023  INFO [main] Login_till_ProdSelectionPage:674 - C:\Users\NagarajaK\eclipse-workspace\Git_Buckt1\MyFramework_1\TestData\Error\04829F, Niranjan Chanduri.xlsx
2020-11-16 16:24:14,023  INFO [main] Login_till_ProdSelectionPage:729 - Exception while moving file: C:\Users\NagarajaK\eclipse-workspace\Git_Buckt1\MyFramework_1\TestData\Error\04829F, Niranjan Chanduri.xlsx
2020-11-16 16:24:14,024  INFO [main] Login_till_ProdSelectionPage:734 - File movement failed.C:\Users\NagarajaK\eclipse-workspace\Git_Buckt1\MyFramework_1\TestData\Error\04829F, Niranjan Chanduri.xlsx
2020-11-16 16:24:14,062  INFO [main] Login_till_ProdSelectionPage:560 - ROW COUNT 112
2020-11-16 16:24:14,141  INFO [main] Login_till_ProdSelectionPage:291 - Sheet --> Data is inconsistent
2020-11-16 16:24:14,183  INFO [main] Login_till_ProdSelectionPage:671 - C:\Users\NagarajaK\eclipse-workspace\Git_Buckt1\MyFramework_1\TestData\Input
2020-11-16 16:24:14,183  INFO [main] Login_till_ProdSelectionPage:672 - File moved to error for data inconisstencyC:\Users\NagarajaK\eclipse-workspace\Git_Buckt1\MyFramework_1\TestData\Input\05150F, Amit Rasal.xlsx
2020-11-16 16:24:14,183  INFO [main] Login_till_ProdSelectionPage:674 - C:\Users\NagarajaK\eclipse-workspace\Git_Buckt1\MyFramework_1\TestData\Error\05150F, Amit Rasal.xlsx
2020-11-16 16:24:14,184  INFO [main] Login_till_ProdSelectionPage:729 - Exception while moving file: C:\Users\NagarajaK\eclipse-workspace\Git_Buckt1\MyFramework_1\TestData\Error\05150F, Amit Rasal.xlsx
2020-11-16 16:24:14,184  INFO [main] Login_till_ProdSelectionPage:734 - File movement failed.C:\Users\NagarajaK\eclipse-workspace\Git_Buckt1\MyFramework_1\TestData\Error\05150F, Amit Rasal.xlsx
2020-11-16 16:24:14,234  INFO [main] Login_till_ProdSelectionPage:560 - ROW COUNT 112
2020-11-16 16:24:14,325  INFO [main] Login_till_ProdSelectionPage:291 - Sheet --> Data is inconsistent
2020-11-16 16:24:14,366  INFO [main] Login_till_ProdSelectionPage:671 - C:\Users\NagarajaK\eclipse-workspace\Git_Buckt1\MyFramework_1\TestData\Input
2020-11-16 16:24:14,366  INFO [main] Login_till_ProdSelectionPage:672 - File moved to error for data inconisstencyC:\Users\NagarajaK\eclipse-workspace\Git_Buckt1\MyFramework_1\TestData\Input\05722Q, Saurabh Gupta.xlsx
2020-11-16 16:24:14,366  INFO [main] Login_till_ProdSelectionPage:674 - C:\Users\NagarajaK\eclipse-workspace\Git_Buckt1\MyFramework_1\TestData\Error\05722Q, Saurabh Gupta.xlsx
2020-11-16 16:24:14,367  INFO [main] Login_till_ProdSelectionPage:729 - Exception while moving file: C:\Users\NagarajaK\eclipse-workspace\Git_Buckt1\MyFramework_1\TestData\Error\05722Q, Saurabh Gupta.xlsx
2020-11-16 16:24:14,367  INFO [main] Login_till_ProdSelectionPage:734 - File movement failed.C:\Users\NagarajaK\eclipse-workspace\Git_Buckt1\MyFramework_1\TestData\Error\05722Q, Saurabh Gupta.xlsx
2020-11-16 16:24:14,473  INFO [main] Login_till_ProdSelectionPage:560 - ROW COUNT 112
2020-11-16 16:24:14,586  INFO [main] Login_till_ProdSelectionPage:291 - Sheet --> Data is inconsistent
2020-11-16 16:24:14,663  INFO [main] Login_till_ProdSelectionPage:671 - C:\Users\NagarajaK\eclipse-workspace\Git_Buckt1\MyFramework_1\TestData\Input
2020-11-16 16:24:14,664  INFO [main] Login_till_ProdSelectionPage:672 - File moved to error for data inconisstencyC:\Users\NagarajaK\eclipse-workspace\Git_Buckt1\MyFramework_1\TestData\Input\05902E, Vikas Jadon.xlsx
2020-11-16 16:24:14,664  INFO [main] Login_till_ProdSelectionPage:674 - C:\Users\NagarajaK\eclipse-workspace\Git_Buckt1\MyFramework_1\TestData\Error\05902E, Vikas Jadon.xlsx
2020-11-16 16:24:14,666  INFO [main] Login_till_ProdSelectionPage:729 - Exception while moving file: C:\Users\NagarajaK\eclipse-workspace\Git_Buckt1\MyFramework_1\TestData\Error\05902E, Vikas Jadon.xlsx
2020-11-16 16:24:14,668  INFO [main] Login_till_ProdSelectionPage:734 - File movement failed.C:\Users\NagarajaK\eclipse-workspace\Git_Buckt1\MyFramework_1\TestData\Error\05902E, Vikas Jadon.xlsx
2020-11-16 16:24:14,732  INFO [main] Login_till_ProdSelectionPage:560 - ROW COUNT 112
2020-11-16 16:24:14,821  INFO [main] Login_till_ProdSelectionPage:291 - Sheet --> Data is inconsistent
2020-11-16 16:24:14,871  INFO [main] Login_till_ProdSelectionPage:671 - C:\Users\NagarajaK\eclipse-workspace\Git_Buckt1\MyFramework_1\TestData\Input
2020-11-16 16:24:14,871  INFO [main] Login_till_ProdSelectionPage:672 - File moved to error for data inconisstencyC:\Users\NagarajaK\eclipse-workspace\Git_Buckt1\MyFramework_1\TestData\Input\059974, Pradeep Kanmatareddy.xlsx
2020-11-16 16:24:14,873  INFO [main] Login_till_ProdSelectionPage:674 - C:\Users\NagarajaK\eclipse-workspace\Git_Buckt1\MyFramework_1\TestData\Error\059974, Pradeep Kanmatareddy.xlsx
2020-11-16 16:24:14,874  INFO [main] Login_till_ProdSelectionPage:729 - Exception while moving file: C:\Users\NagarajaK\eclipse-workspace\Git_Buckt1\MyFramework_1\TestData\Error\059974, Pradeep Kanmatareddy.xlsx
2020-11-16 16:24:14,874  INFO [main] Login_till_ProdSelectionPage:734 - File movement failed.C:\Users\NagarajaK\eclipse-workspace\Git_Buckt1\MyFramework_1\TestData\Error\059974, Pradeep Kanmatareddy.xlsx
2020-11-16 16:24:14,924  INFO [main] Login_till_ProdSelectionPage:560 - ROW COUNT 112
2020-11-16 16:24:15,034  INFO [main] Login_till_ProdSelectionPage:291 - Sheet --> Data is inconsistent
2020-11-16 16:24:15,083  INFO [main] Login_till_ProdSelectionPage:671 - C:\Users\NagarajaK\eclipse-workspace\Git_Buckt1\MyFramework_1\TestData\Input
2020-11-16 16:24:15,083  INFO [main] Login_till_ProdSelectionPage:672 - File moved to error for data inconisstencyC:\Users\NagarajaK\eclipse-workspace\Git_Buckt1\MyFramework_1\TestData\Input\06202C, Anil Kumar Hampali.xlsx
2020-11-16 16:24:15,083  INFO [main] Login_till_ProdSelectionPage:674 - C:\Users\NagarajaK\eclipse-workspace\Git_Buckt1\MyFramework_1\TestData\Error\06202C, Anil Kumar Hampali.xlsx
2020-11-16 16:24:15,084  INFO [main] Login_till_ProdSelectionPage:729 - Exception while moving file: C:\Users\NagarajaK\eclipse-workspace\Git_Buckt1\MyFramework_1\TestData\Error\06202C, Anil Kumar Hampali.xlsx
2020-11-16 16:24:15,084  INFO [main] Login_till_ProdSelectionPage:734 - File movement failed.C:\Users\NagarajaK\eclipse-workspace\Git_Buckt1\MyFramework_1\TestData\Error\06202C, Anil Kumar Hampali.xlsx
2020-11-16 16:24:15,142  INFO [main] Login_till_ProdSelectionPage:560 - ROW COUNT 112
2020-11-16 16:24:15,234  INFO [main] Login_till_ProdSelectionPage:291 - Sheet --> Data is inconsistent
2020-11-16 16:24:15,271  INFO [main] Login_till_ProdSelectionPage:671 - C:\Users\NagarajaK\eclipse-workspace\Git_Buckt1\MyFramework_1\TestData\Input
2020-11-16 16:24:15,271  INFO [main] Login_till_ProdSelectionPage:672 - File moved to error for data inconisstencyC:\Users\NagarajaK\eclipse-workspace\Git_Buckt1\MyFramework_1\TestData\Input\06542J, Poornima Budda.xlsx
2020-11-16 16:24:15,271  INFO [main] Login_till_ProdSelectionPage:674 - C:\Users\NagarajaK\eclipse-workspace\Git_Buckt1\MyFramework_1\TestData\Error\06542J, Poornima Budda.xlsx
2020-11-16 16:24:15,272  INFO [main] Login_till_ProdSelectionPage:729 - Exception while moving file: C:\Users\NagarajaK\eclipse-workspace\Git_Buckt1\MyFramework_1\TestData\Error\06542J, Poornima Budda.xlsx
2020-11-16 16:24:15,272  INFO [main] Login_till_ProdSelectionPage:734 - File movement failed.C:\Users\NagarajaK\eclipse-workspace\Git_Buckt1\MyFramework_1\TestData\Error\06542J, Poornima Budda.xlsx
2020-11-16 16:24:15,303  INFO [main] Login_till_ProdSelectionPage:560 - ROW COUNT 112
2020-11-16 16:24:15,363  INFO [main] Login_till_ProdSelectionPage:291 - Sheet --> Data is inconsistent
2020-11-16 16:24:15,402  INFO [main] Login_till_ProdSelectionPage:671 - C:\Users\NagarajaK\eclipse-workspace\Git_Buckt1\MyFramework_1\TestData\Input
2020-11-16 16:24:15,403  INFO [main] Login_till_ProdSelectionPage:672 - File moved to error for data inconisstencyC:\Users\NagarajaK\eclipse-workspace\Git_Buckt1\MyFramework_1\TestData\Input\067972, Pramod Seethannavar.xlsx
2020-11-16 16:24:15,403  INFO [main] Login_till_ProdSelectionPage:674 - C:\Users\NagarajaK\eclipse-workspace\Git_Buckt1\MyFramework_1\TestData\Error\067972, Pramod Seethannavar.xlsx
2020-11-16 16:24:15,403  INFO [main] Login_till_ProdSelectionPage:729 - Exception while moving file: C:\Users\NagarajaK\eclipse-workspace\Git_Buckt1\MyFramework_1\TestData\Error\067972, Pramod Seethannavar.xlsx
2020-11-16 16:24:15,404  INFO [main] Login_till_ProdSelectionPage:734 - File movement failed.C:\Users\NagarajaK\eclipse-workspace\Git_Buckt1\MyFramework_1\TestData\Error\067972, Pramod Seethannavar.xlsx
2020-11-16 16:24:15,429  INFO [main] Login_till_ProdSelectionPage:560 - ROW COUNT 112
2020-11-16 16:24:15,484  INFO [main] Login_till_ProdSelectionPage:291 - Sheet --> Data is inconsistent
2020-11-16 16:24:15,514  INFO [main] Login_till_ProdSelectionPage:671 - C:\Users\NagarajaK\eclipse-workspace\Git_Buckt1\MyFramework_1\TestData\Input
2020-11-16 16:24:15,514  INFO [main] Login_till_ProdSelectionPage:672 - File moved to error for data inconisstencyC:\Users\NagarajaK\eclipse-workspace\Git_Buckt1\MyFramework_1\TestData\Input\068503, Srinivasa Rao Polapala.xlsx
2020-11-16 16:24:15,514  INFO [main] Login_till_ProdSelectionPage:674 - C:\Users\NagarajaK\eclipse-workspace\Git_Buckt1\MyFramework_1\TestData\Error\068503, Srinivasa Rao Polapala.xlsx
2020-11-16 16:24:15,515  INFO [main] Login_till_ProdSelectionPage:729 - Exception while moving file: C:\Users\NagarajaK\eclipse-workspace\Git_Buckt1\MyFramework_1\TestData\Error\068503, Srinivasa Rao Polapala.xlsx
2020-11-16 16:24:15,515  INFO [main] Login_till_ProdSelectionPage:734 - File movement failed.C:\Users\NagarajaK\eclipse-workspace\Git_Buckt1\MyFramework_1\TestData\Error\068503, Srinivasa Rao Polapala.xlsx
2020-11-16 16:24:15,545  INFO [main] Login_till_ProdSelectionPage:560 - ROW COUNT 112
2020-11-16 16:24:15,582  INFO [main] Login_till_ProdSelectionPage:291 - Sheet --> Data is inconsistent
2020-11-16 16:24:15,605  INFO [main] Login_till_ProdSelectionPage:671 - C:\Users\NagarajaK\eclipse-workspace\Git_Buckt1\MyFramework_1\TestData\Input
2020-11-16 16:24:15,605  INFO [main] Login_till_ProdSelectionPage:672 - File moved to error for data inconisstencyC:\Users\NagarajaK\eclipse-workspace\Git_Buckt1\MyFramework_1\TestData\Input\072480, Ambarish Mukherjee.xlsx
2020-11-16 16:24:15,605  INFO [main] Login_till_ProdSelectionPage:674 - C:\Users\NagarajaK\eclipse-workspace\Git_Buckt1\MyFramework_1\TestData\Error\072480, Ambarish Mukherjee.xlsx
2020-11-16 16:24:15,606  INFO [main] Login_till_ProdSelectionPage:729 - Exception while moving file: C:\Users\NagarajaK\eclipse-workspace\Git_Buckt1\MyFramework_1\TestData\Error\072480, Ambarish Mukherjee.xlsx
2020-11-16 16:24:15,606  INFO [main] Login_till_ProdSelectionPage:734 - File movement failed.C:\Users\NagarajaK\eclipse-workspace\Git_Buckt1\MyFramework_1\TestData\Error\072480, Ambarish Mukherjee.xlsx
2020-11-16 16:24:15,626  INFO [main] Login_till_ProdSelectionPage:560 - ROW COUNT 112
2020-11-16 16:24:15,670  INFO [main] Login_till_ProdSelectionPage:291 - Sheet --> Data is inconsistent
2020-11-16 16:24:15,690  INFO [main] Login_till_ProdSelectionPage:671 - C:\Users\NagarajaK\eclipse-workspace\Git_Buckt1\MyFramework_1\TestData\Input
2020-11-16 16:24:15,690  INFO [main] Login_till_ProdSelectionPage:672 - File moved to error for data inconisstencyC:\Users\NagarajaK\eclipse-workspace\Git_Buckt1\MyFramework_1\TestData\Input\07333M, RAHUL DAS.xlsx
2020-11-16 16:24:15,691  INFO [main] Login_till_ProdSelectionPage:674 - C:\Users\NagarajaK\eclipse-workspace\Git_Buckt1\MyFramework_1\TestData\Error\07333M, RAHUL DAS.xlsx
2020-11-16 16:24:15,691  INFO [main] Login_till_ProdSelectionPage:729 - Exception while moving file: C:\Users\NagarajaK\eclipse-workspace\Git_Buckt1\MyFramework_1\TestData\Error\07333M, RAHUL DAS.xlsx
2020-11-16 16:24:15,691  INFO [main] Login_till_ProdSelectionPage:734 - File movement failed.C:\Users\NagarajaK\eclipse-workspace\Git_Buckt1\MyFramework_1\TestData\Error\07333M, RAHUL DAS.xlsx
2020-11-16 16:24:15,711  INFO [main] Login_till_ProdSelectionPage:560 - ROW COUNT 112
2020-11-16 16:24:15,751  INFO [main] Login_till_ProdSelectionPage:291 - Sheet --> Data is inconsistent
2020-11-16 16:24:15,774  INFO [main] Login_till_ProdSelectionPage:671 - C:\Users\NagarajaK\eclipse-workspace\Git_Buckt1\MyFramework_1\TestData\Input
2020-11-16 16:24:15,774  INFO [main] Login_till_ProdSelectionPage:672 - File moved to error for data inconisstencyC:\Users\NagarajaK\eclipse-workspace\Git_Buckt1\MyFramework_1\TestData\Input\07666Q, Satendra Pare.xlsx
2020-11-16 16:24:15,775  INFO [main] Login_till_ProdSelectionPage:674 - C:\Users\NagarajaK\eclipse-workspace\Git_Buckt1\MyFramework_1\TestData\Error\07666Q, Satendra Pare.xlsx
2020-11-16 16:24:15,775  INFO [main] Login_till_ProdSelectionPage:729 - Exception while moving file: C:\Users\NagarajaK\eclipse-workspace\Git_Buckt1\MyFramework_1\TestData\Error\07666Q, Satendra Pare.xlsx
2020-11-16 16:24:15,775  INFO [main] Login_till_ProdSelectionPage:734 - File movement failed.C:\Users\NagarajaK\eclipse-workspace\Git_Buckt1\MyFramework_1\TestData\Error\07666Q, Satendra Pare.xlsx
2020-11-16 16:24:15,798  INFO [main] Login_till_ProdSelectionPage:560 - ROW COUNT 112
2020-11-16 16:24:15,838  INFO [main] Login_till_ProdSelectionPage:291 - Sheet --> Data is inconsistent
2020-11-16 16:24:15,857  INFO [main] Login_till_ProdSelectionPage:671 - C:\Users\NagarajaK\eclipse-workspace\Git_Buckt1\MyFramework_1\TestData\Input
2020-11-16 16:24:15,857  INFO [main] Login_till_ProdSelectionPage:672 - File moved to error for data inconisstencyC:\Users\NagarajaK\eclipse-workspace\Git_Buckt1\MyFramework_1\TestData\Input\07867L, Nilesh Diwate.xlsx
2020-11-16 16:24:15,858  INFO [main] Login_till_ProdSelectionPage:674 - C:\Users\NagarajaK\eclipse-workspace\Git_Buckt1\MyFramework_1\TestData\Error\07867L, Nilesh Diwate.xlsx
2020-11-16 16:24:15,858  INFO [main] Login_till_ProdSelectionPage:729 - Exception while moving file: C:\Users\NagarajaK\eclipse-workspace\Git_Buckt1\MyFramework_1\TestData\Error\07867L, Nilesh Diwate.xlsx
2020-11-16 16:24:15,858  INFO [main] Login_till_ProdSelectionPage:734 - File movement failed.C:\Users\NagarajaK\eclipse-workspace\Git_Buckt1\MyFramework_1\TestData\Error\07867L, Nilesh Diwate.xlsx
2020-11-16 16:24:15,878  INFO [main] Login_till_ProdSelectionPage:560 - ROW COUNT 112
2020-11-16 16:24:15,914  INFO [main] Login_till_ProdSelectionPage:291 - Sheet --> Data is inconsistent
2020-11-16 16:24:15,937  INFO [main] Login_till_ProdSelectionPage:671 - C:\Users\NagarajaK\eclipse-workspace\Git_Buckt1\MyFramework_1\TestData\Input
2020-11-16 16:24:15,937  INFO [main] Login_till_ProdSelectionPage:672 - File moved to error for data inconisstencyC:\Users\NagarajaK\eclipse-workspace\Git_Buckt1\MyFramework_1\TestData\Input\079206, Sundar Rajan Aramudhan.xlsx
2020-11-16 16:24:15,937  INFO [main] Login_till_ProdSelectionPage:674 - C:\Users\NagarajaK\eclipse-workspace\Git_Buckt1\MyFramework_1\TestData\Error\079206, Sundar Rajan Aramudhan.xlsx
2020-11-16 16:24:15,937  INFO [main] Login_till_ProdSelectionPage:729 - Exception while moving file: C:\Users\NagarajaK\eclipse-workspace\Git_Buckt1\MyFramework_1\TestData\Error\079206, Sundar Rajan Aramudhan.xlsx
2020-11-16 16:24:15,937  INFO [main] Login_till_ProdSelectionPage:734 - File movement failed.C:\Users\NagarajaK\eclipse-workspace\Git_Buckt1\MyFramework_1\TestData\Error\079206, Sundar Rajan Aramudhan.xlsx
2020-11-16 16:24:15,960  INFO [main] Login_till_ProdSelectionPage:560 - ROW COUNT 112
2020-11-16 16:24:15,999  INFO [main] Login_till_ProdSelectionPage:291 - Sheet --> Data is inconsistent
2020-11-16 16:24:16,019  INFO [main] Login_till_ProdSelectionPage:671 - C:\Users\NagarajaK\eclipse-workspace\Git_Buckt1\MyFramework_1\TestData\Input
2020-11-16 16:24:16,019  INFO [main] Login_till_ProdSelectionPage:672 - File moved to error for data inconisstencyC:\Users\NagarajaK\eclipse-workspace\Git_Buckt1\MyFramework_1\TestData\Input\093329, Srinivasarao Pasam.xlsx
2020-11-16 16:24:16,019  INFO [main] Login_till_ProdSelectionPage:674 - C:\Users\NagarajaK\eclipse-workspace\Git_Buckt1\MyFramework_1\TestData\Error\093329, Srinivasarao Pasam.xlsx
2020-11-16 16:24:16,019  INFO [main] Login_till_ProdSelectionPage:729 - Exception while moving file: C:\Users\NagarajaK\eclipse-workspace\Git_Buckt1\MyFramework_1\TestData\Error\093329, Srinivasarao Pasam.xlsx
2020-11-16 16:24:16,019  INFO [main] Login_till_ProdSelectionPage:734 - File movement failed.C:\Users\NagarajaK\eclipse-workspace\Git_Buckt1\MyFramework_1\TestData\Error\093329, Srinivasarao Pasam.xlsx
2020-11-16 16:24:16,038  INFO [main] Login_till_ProdSelectionPage:560 - ROW COUNT 112
2020-11-16 16:24:16,085  INFO [main] Login_till_ProdSelectionPage:291 - Sheet --> Data is inconsistent
2020-11-16 16:24:16,105  INFO [main] Login_till_ProdSelectionPage:671 - C:\Users\NagarajaK\eclipse-workspace\Git_Buckt1\MyFramework_1\TestData\Input
2020-11-16 16:24:16,105  INFO [main] Login_till_ProdSelectionPage:672 - File moved to error for data inconisstencyC:\Users\NagarajaK\eclipse-workspace\Git_Buckt1\MyFramework_1\TestData\Input\146433, Vinay M Sataluri.xlsx
2020-11-16 16:24:16,105  INFO [main] Login_till_ProdSelectionPage:674 - C:\Users\NagarajaK\eclipse-workspace\Git_Buckt1\MyFramework_1\TestData\Error\146433, Vinay M Sataluri.xlsx
2020-11-16 16:24:16,106  INFO [main] Login_till_ProdSelectionPage:729 - Exception while moving file: C:\Users\NagarajaK\eclipse-workspace\Git_Buckt1\MyFramework_1\TestData\Error\146433, Vinay M Sataluri.xlsx
2020-11-16 16:24:16,106  INFO [main] Login_till_ProdSelectionPage:734 - File movement failed.C:\Users\NagarajaK\eclipse-workspace\Git_Buckt1\MyFramework_1\TestData\Error\146433, Vinay M Sataluri.xlsx
2020-11-16 16:24:16,129  INFO [main] Login_till_ProdSelectionPage:560 - ROW COUNT 112
2020-11-16 16:24:16,172  INFO [main] Login_till_ProdSelectionPage:291 - Sheet --> Data is inconsistent
2020-11-16 16:24:16,192  INFO [main] Login_till_ProdSelectionPage:671 - C:\Users\NagarajaK\eclipse-workspace\Git_Buckt1\MyFramework_1\TestData\Input
2020-11-16 16:24:16,193  INFO [main] Login_till_ProdSelectionPage:672 - File moved to error for data inconisstencyC:\Users\NagarajaK\eclipse-workspace\Git_Buckt1\MyFramework_1\TestData\Input\222484, Suman Pothula.xlsx
2020-11-16 16:24:16,193  INFO [main] Login_till_ProdSelectionPage:674 - C:\Users\NagarajaK\eclipse-workspace\Git_Buckt1\MyFramework_1\TestData\Error\222484, Suman Pothula.xlsx
2020-11-16 16:24:16,193  INFO [main] Login_till_ProdSelectionPage:729 - Exception while moving file: C:\Users\NagarajaK\eclipse-workspace\Git_Buckt1\MyFramework_1\TestData\Error\222484, Suman Pothula.xlsx
2020-11-16 16:24:16,193  INFO [main] Login_till_ProdSelectionPage:734 - File movement failed.C:\Users\NagarajaK\eclipse-workspace\Git_Buckt1\MyFramework_1\TestData\Error\222484, Suman Pothula.xlsx
2020-11-16 16:24:16,213  INFO [main] Login_till_ProdSelectionPage:560 - ROW COUNT 112
2020-11-16 16:24:16,256  INFO [main] Login_till_ProdSelectionPage:291 - Sheet --> Data is inconsistent
2020-11-16 16:24:16,278  INFO [main] Login_till_ProdSelectionPage:671 - C:\Users\NagarajaK\eclipse-workspace\Git_Buckt1\MyFramework_1\TestData\Input
2020-11-16 16:24:16,279  INFO [main] Login_till_ProdSelectionPage:672 - File moved to error for data inconisstencyC:\Users\NagarajaK\eclipse-workspace\Git_Buckt1\MyFramework_1\TestData\Input\340804, Swarnalata Patel.xlsx
2020-11-16 16:24:16,279  INFO [main] Login_till_ProdSelectionPage:674 - C:\Users\NagarajaK\eclipse-workspace\Git_Buckt1\MyFramework_1\TestData\Error\340804, Swarnalata Patel.xlsx
2020-11-16 16:24:16,279  INFO [main] Login_till_ProdSelectionPage:729 - Exception while moving file: C:\Users\NagarajaK\eclipse-workspace\Git_Buckt1\MyFramework_1\TestData\Error\340804, Swarnalata Patel.xlsx
2020-11-16 16:24:16,279  INFO [main] Login_till_ProdSelectionPage:734 - File movement failed.C:\Users\NagarajaK\eclipse-workspace\Git_Buckt1\MyFramework_1\TestData\Error\340804, Swarnalata Patel.xlsx
2020-11-16 16:24:16,301  INFO [main] Login_till_ProdSelectionPage:560 - ROW COUNT 112
2020-11-16 16:24:16,351  INFO [main] Login_till_ProdSelectionPage:291 - Sheet --> Data is inconsistent
2020-11-16 16:24:16,373  INFO [main] Login_till_ProdSelectionPage:671 - C:\Users\NagarajaK\eclipse-workspace\Git_Buckt1\MyFramework_1\TestData\Input
2020-11-16 16:24:16,373  INFO [main] Login_till_ProdSelectionPage:672 - File moved to error for data inconisstencyC:\Users\NagarajaK\eclipse-workspace\Git_Buckt1\MyFramework_1\TestData\Input\537762, Parikshit Bagade.xlsx
2020-11-16 16:24:16,374  INFO [main] Login_till_ProdSelectionPage:674 - C:\Users\NagarajaK\eclipse-workspace\Git_Buckt1\MyFramework_1\TestData\Error\537762, Parikshit Bagade.xlsx
2020-11-16 16:24:16,374  INFO [main] Login_till_ProdSelectionPage:729 - Exception while moving file: C:\Users\NagarajaK\eclipse-workspace\Git_Buckt1\MyFramework_1\TestData\Error\537762, Parikshit Bagade.xlsx
2020-11-16 16:24:16,374  INFO [main] Login_till_ProdSelectionPage:734 - File movement failed.C:\Users\NagarajaK\eclipse-workspace\Git_Buckt1\MyFramework_1\TestData\Error\537762, Parikshit Bagade.xlsx
2020-11-16 16:24:16,402  INFO [main] Login_till_ProdSelectionPage:560 - ROW COUNT 112
2020-11-16 16:24:16,457  INFO [main] Login_till_ProdSelectionPage:291 - Sheet --> Data is inconsistent
2020-11-16 16:24:16,482  INFO [main] Login_till_ProdSelectionPage:671 - C:\Users\NagarajaK\eclipse-workspace\Git_Buckt1\MyFramework_1\TestData\Input
2020-11-16 16:24:16,482  INFO [main] Login_till_ProdSelectionPage:672 - File moved to error for data inconisstencyC:\Users\NagarajaK\eclipse-workspace\Git_Buckt1\MyFramework_1\TestData\Input\640721, Anil k Nataru.xlsx
2020-11-16 16:24:16,483  INFO [main] Login_till_ProdSelectionPage:674 - C:\Users\NagarajaK\eclipse-workspace\Git_Buckt1\MyFramework_1\TestData\Error\640721, Anil k Nataru.xlsx
2020-11-16 16:24:16,483  INFO [main] Login_till_ProdSelectionPage:729 - Exception while moving file: C:\Users\NagarajaK\eclipse-workspace\Git_Buckt1\MyFramework_1\TestData\Error\640721, Anil k Nataru.xlsx
2020-11-16 16:24:16,483  INFO [main] Login_till_ProdSelectionPage:734 - File movement failed.C:\Users\NagarajaK\eclipse-workspace\Git_Buckt1\MyFramework_1\TestData\Error\640721, Anil k Nataru.xlsx
2020-11-16 16:24:16,508  INFO [main] Login_till_ProdSelectionPage:560 - ROW COUNT 112
2020-11-16 16:24:16,544  INFO [main] Login_till_ProdSelectionPage:291 - Sheet --> Data is inconsistent
2020-11-16 16:24:16,564  INFO [main] Login_till_ProdSelectionPage:671 - C:\Users\NagarajaK\eclipse-workspace\Git_Buckt1\MyFramework_1\TestData\Input
2020-11-16 16:24:16,565  INFO [main] Login_till_ProdSelectionPage:672 - File moved to error for data inconisstencyC:\Users\NagarajaK\eclipse-workspace\Git_Buckt1\MyFramework_1\TestData\Input\816898, Subbareddy Bheemireddy.xlsx
2020-11-16 16:24:16,565  INFO [main] Login_till_ProdSelectionPage:674 - C:\Users\NagarajaK\eclipse-workspace\Git_Buckt1\MyFramework_1\TestData\Error\816898, Subbareddy Bheemireddy.xlsx
2020-11-16 16:24:16,565  INFO [main] Login_till_ProdSelectionPage:729 - Exception while moving file: C:\Users\NagarajaK\eclipse-workspace\Git_Buckt1\MyFramework_1\TestData\Error\816898, Subbareddy Bheemireddy.xlsx
2020-11-16 16:24:16,565  INFO [main] Login_till_ProdSelectionPage:734 - File movement failed.C:\Users\NagarajaK\eclipse-workspace\Git_Buckt1\MyFramework_1\TestData\Error\816898, Subbareddy Bheemireddy.xlsx
2020-11-16 16:24:16,598  INFO [main] Login_till_ProdSelectionPage:560 - ROW COUNT 112
2020-11-16 16:24:16,654  INFO [main] Login_till_ProdSelectionPage:291 - Sheet --> Data is inconsistent
2020-11-16 16:24:16,676  INFO [main] Login_till_ProdSelectionPage:671 - C:\Users\NagarajaK\eclipse-workspace\Git_Buckt1\MyFramework_1\TestData\Input
2020-11-16 16:24:16,676  INFO [main] Login_till_ProdSelectionPage:672 - File moved to error for data inconisstencyC:\Users\NagarajaK\eclipse-workspace\Git_Buckt1\MyFramework_1\TestData\Input\982368, Nanda K Reddy.xlsx
2020-11-16 16:24:16,676  INFO [main] Login_till_ProdSelectionPage:674 - C:\Users\NagarajaK\eclipse-workspace\Git_Buckt1\MyFramework_1\TestData\Error\982368, Nanda K Reddy.xlsx
2020-11-16 16:24:16,676  INFO [main] Login_till_ProdSelectionPage:729 - Exception while moving file: C:\Users\NagarajaK\eclipse-workspace\Git_Buckt1\MyFramework_1\TestData\Error\982368, Nanda K Reddy.xlsx
2020-11-16 16:24:16,676  INFO [main] Login_till_ProdSelectionPage:734 - File movement failed.C:\Users\NagarajaK\eclipse-workspace\Git_Buckt1\MyFramework_1\TestData\Error\982368, Nanda K Reddy.xlsx
2020-11-16 16:47:32,759  INFO [main] Login_till_ProdSelectionPage:88 - UserID is enterrerd
2020-11-16 16:47:32,842  INFO [main] Login_till_ProdSelectionPage:94 - Pwd is enterrerd
2020-11-16 16:47:35,448  INFO [main] Login_till_ProdSelectionPage:96 - LoginButton is clicked
2020-11-16 16:50:55,889  INFO [main] Login_till_ProdSelectionPage:88 - UserID is enterrerd
2020-11-16 16:50:55,959  INFO [main] Login_till_ProdSelectionPage:94 - Pwd is enterrerd
2020-11-16 16:50:58,414  INFO [main] Login_till_ProdSelectionPage:96 - LoginButton is clicked
